Copyright 1986-2019 Xilinx, Inc. All Rights Reserved.
------------------------------------------------------------------------------------
| Tool Version : Vivado v.2019.1 (win64) Build 2552052 Fri May 24 14:49:42 MDT 2019
| Date         : Sun Dec  8 17:49:02 2019
| Host         : JACOB-FRACTALPC running 64-bit major release  (build 9200)
| Command      : report_control_sets -verbose -file CNTxALU_control_sets_placed.rpt
| Design       : CNTxALU
| Device       : xc7a35t
------------------------------------------------------------------------------------

Control Set Information

Table of Contents
-----------------
1. Summary
2. Histogram
3. Flip-Flop Distribution
4. Detailed Control Set Information

1. Summary
----------

+----------------------------------------------------------+-------+
|                          Status                          | Count |
+----------------------------------------------------------+-------+
| Total control sets                                       |    85 |
|    Minimum number of control sets                        |    85 |
|    Addition due to synthesis replication                 |     0 |
|    Addition due to physical synthesis replication        |     0 |
| Unused register locations in slices containing registers |   252 |
+----------------------------------------------------------+-------+
* Control sets can be merged at opt_design using control_set_merge or merge_equivalent_drivers
** Run report_qor_suggestions for automated merging and remapping suggestions


2. Histogram
------------

+--------------------+-------+
|       Fanout       | Count |
+--------------------+-------+
| Total control sets |    85 |
| >= 0 to < 4        |    15 |
| >= 4 to < 6        |    14 |
| >= 6 to < 8        |     7 |
| >= 8 to < 10       |    12 |
| >= 10 to < 12      |     4 |
| >= 12 to < 14      |     2 |
| >= 14 to < 16      |     1 |
| >= 16              |    30 |
+--------------------+-------+
* Control sets can be remapped at either synth_design or opt_design


3. Flip-Flop Distribution
-------------------------

+--------------+-----------------------+------------------------+-----------------+--------------+
| Clock Enable | Synchronous Set/Reset | Asynchronous Set/Reset | Total Registers | Total Slices |
+--------------+-----------------------+------------------------+-----------------+--------------+
| No           | No                    | No                     |             354 |          129 |
| No           | No                    | Yes                    |              40 |           15 |
| No           | Yes                   | No                     |             345 |          136 |
| Yes          | No                    | No                     |             236 |           67 |
| Yes          | No                    | Yes                    |              15 |            8 |
| Yes          | Yes                   | No                     |             702 |          228 |
+--------------+-----------------------+------------------------+-----------------+--------------+


4. Detailed Control Set Information
-----------------------------------

+---------------------------------------------------------------+-----------------------------------------------------------------------------------------------------------------------------------------------------------------------------------------------------------+-----------------------------------------------------------------------------------------------------------------------------------------------+------------------+----------------+
|                          Clock Signal                         |                                                                                               Enable Signal                                                                                               |                                                                Set/Reset Signal                                                               | Slice Load Count | Bel Load Count |
+---------------------------------------------------------------+-----------------------------------------------------------------------------------------------------------------------------------------------------------------------------------------------------------+-----------------------------------------------------------------------------------------------------------------------------------------------+------------------+----------------+
|  ALU/ALU_i/mdm_1/U0/Use_E2.BSCAN_I/Ext_JTAG_UPDATE            | ALU/ALU_i/microblaze_0/U0/MicroBlaze_Core_I/Performance.Core/Use_Debug_Logic.Master_Core.Debug_Perf/Control_Reg_En                                                                                        | ALU/ALU_i/microblaze_0/U0/MicroBlaze_Core_I/Performance.Core/Use_Debug_Logic.Master_Core.Debug_Perf/start_single_step_reg_n_0                 |                1 |              1 |
|  clk_100MHz_IBUF                                              |                                                                                                                                                                                                           | sw_IBUF[15]                                                                                                                                   |                1 |              1 |
|  ALU/ALU_i/mdm_1/U0/Use_E2.BSCAN_I/Ext_JTAG_UPDATE            |                                                                                                                                                                                                           | ALU/ALU_i/mdm_1/U0/MDM_Core_I1/JTAG_CONTROL_I/Use_BSCAN.FDC_I/data_cmd_reset6_out                                                             |                1 |              1 |
|  ALU/ALU_i/mdm_1/U0/Use_E2.BSCAN_I/Ext_JTAG_UPDATE            | ALU/ALU_i/mdm_1/U0/MDM_Core_I1/JTAG_CONTROL_I/Use_BSCAN.FDC_I/Debug_Rst_i0                                                                                                                                |                                                                                                                                               |                1 |              1 |
|  ALU/ALU_i/mdm_1/U0/Use_E2.BSCAN_I/Ext_JTAG_UPDATE            | ALU/ALU_i/microblaze_0/U0/MicroBlaze_Core_I/Performance.Core/Use_Debug_Logic.Master_Core.Debug_Perf/Control_Reg_En                                                                                        | ALU/ALU_i/microblaze_0/U0/MicroBlaze_Core_I/Performance.Core/Use_Debug_Logic.Master_Core.Debug_Perf/Serial_Dbg_Intf.continue_from_brk_reg_n_0 |                1 |              1 |
|  ALU/ALU_i/mdm_1/U0/Use_E2.BSCAN_I/Ext_JTAG_UPDATE            | ALU/ALU_i/microblaze_0/U0/MicroBlaze_Core_I/Performance.Core/Use_Debug_Logic.Master_Core.Debug_Perf/Control_Reg_En                                                                                        | ALU/ALU_i/microblaze_0/U0/MicroBlaze_Core_I/Performance.Core/Use_Debug_Logic.Master_Core.Debug_Perf/Serial_Dbg_Intf.force_stop_cmd_i_reg_0    |                1 |              1 |
|  ALU/ALU_i/mdm_1/U0/Use_E2.BSCAN_I/Ext_JTAG_UPDATE            | ALU/ALU_i/microblaze_0/U0/MicroBlaze_Core_I/Performance.Core/Use_Debug_Logic.Master_Core.Debug_Perf/Control_Reg_En                                                                                        | ALU/ALU_i/microblaze_0/U0/MicroBlaze_Core_I/Performance.Core/Use_Debug_Logic.Master_Core.Debug_Perf/Serial_Dbg_Intf.normal_stop_cmd_i_reg_n_0 |                1 |              1 |
| ~ALU/ALU_i/mdm_1/U0/Use_E2.BSCAN_I/Ext_JTAG_UPDATE            |                                                                                                                                                                                                           | ALU/ALU_i/mdm_1/U0/MDM_Core_I1/JTAG_CONTROL_I/sel_n                                                                                           |                1 |              1 |
|  ALU/ALU_i/clk_wiz_1/inst/clk_out1                            |                                                                                                                                                                                                           | ALU/ALU_i/microblaze_0/U0/MicroBlaze_Core_I/Performance.Core/Use_Debug_Logic.Master_Core.Debug_Perf/capture_1                                 |                1 |              1 |
| ~ALU/ALU_i/mdm_1/U0/No_Dbg_Reg_Access.BUFG_DRCK/Ext_JTAG_DRCK | ALU/ALU_i/mdm_1/U0/MDM_Core_I1/JTAG_CONTROL_I/Use_BSCAN.FDC_I/CE                                                                                                                                          | ALU/ALU_i/mdm_1/U0/MDM_Core_I1/JTAG_CONTROL_I/Use_BSCAN.FDC_I/D_2                                                                             |                1 |              1 |
|  ALU/ALU_i/mdm_1/U0/No_Dbg_Reg_Access.BUFG_DRCK/Ext_JTAG_DRCK | ALU/ALU_i/mdm_1/U0/Use_E2.BSCAN_I/Use_BSCAN.PORT_Selector_reg[0]                                                                                                                                          | ALU/ALU_i/mdm_1/U0/MDM_Core_I1/JTAG_CONTROL_I/sel_with_scan_reset24_out                                                                       |                1 |              1 |
|  ALU/ALU_i/mdm_1/U0/Use_E2.BSCAN_I/Ext_JTAG_UPDATE            |                                                                                                                                                                                                           |                                                                                                                                               |                2 |              2 |
|  ALU/ALU_i/mdm_1/U0/Use_E2.BSCAN_I/Ext_JTAG_UPDATE            | ALU/ALU_i/microblaze_0/U0/MicroBlaze_Core_I/Performance.Core/Use_Debug_Logic.Master_Core.Debug_Perf/Command_Reg_En                                                                                        | ALU/ALU_i/microblaze_0/U0/MicroBlaze_Core_I/Performance.Core/Use_Debug_Logic.Master_Core.Debug_Perf/command_reg_clear                         |                1 |              2 |
|  ALU/ALU_i/clk_wiz_1/inst/clk_out1                            | ALU/ALU_i/microblaze_0/U0/MicroBlaze_Core_I/Performance.Core/Decode_I/Use_MuxCy[11].OF_Piperun_Stage/MUXCY_I/of_pause_reg                                                                                 |                                                                                                                                               |                1 |              2 |
|  ALU/ALU_i/clk_wiz_1/inst/clk_out1                            |                                                                                                                                                                                                           | ALU/ALU_i/mdm_1/U0/MDM_Core_I1/S_AXI_ARESETN_0                                                                                                |                1 |              3 |
|  ALU/ALU_i/clk_wiz_1/inst/clk_out1                            | ALU/ALU_i/axi_gpio_0/U0/AXI_LITE_IPIF_I/I_SLAVE_ATTACHMENT/bus2ip_addr_i[8]_i_1_n_0                                                                                                                       | ALU/ALU_i/axi_gpio_0/U0/AXI_LITE_IPIF_I/I_SLAVE_ATTACHMENT/SR[0]                                                                              |                1 |              4 |
|  ALU/ALU_i/clk_wiz_1/inst/clk_out1                            | ALU/ALU_i/axi_uartlite_0/U0/AXI_LITE_IPIF_I/I_SLAVE_ATTACHMENT/start2                                                                                                                                     | ALU/ALU_i/axi_uartlite_0/U0/AXI_LITE_IPIF_I/I_SLAVE_ATTACHMENT/I_DECODER/cs_ce_clr                                                            |                1 |              4 |
|  ALU/ALU_i/clk_wiz_1/inst/clk_out1                            |                                                                                                                                                                                                           | ALU/ALU_i/axi_gpio_0/U0/AXI_LITE_IPIF_I/I_SLAVE_ATTACHMENT/clear                                                                              |                1 |              4 |
|  ALU/ALU_i/mdm_1/U0/Use_E2.BSCAN_I/Ext_JTAG_UPDATE            | ALU/ALU_i/microblaze_0/U0/MicroBlaze_Core_I/Performance.Core/Use_Debug_Logic.Master_Core.Debug_Perf/Control_Reg_En                                                                                        |                                                                                                                                               |                3 |              4 |
|  ALU/ALU_i/clk_wiz_1/inst/clk_out1                            | ALU/ALU_i/mdm_1/U0/Use_AXI_IPIF.AXI_LITE_IPIF_I/I_SLAVE_ATTACHMENT/start2                                                                                                                                 | ALU/ALU_i/mdm_1/U0/Use_AXI_IPIF.AXI_LITE_IPIF_I/I_SLAVE_ATTACHMENT/I_DECODER/cs_ce_clr                                                        |                1 |              4 |
|  ALU/ALU_i/mdm_1/U0/Use_E2.BSCAN_I/Ext_JTAG_UPDATE            | ALU/ALU_i/mdm_1/U0/MDM_Core_I1/MDM_SEL                                                                                                                                                                    | ALU/ALU_i/mdm_1/U0/Use_E2.BSCAN_I/AR[0]                                                                                                       |                1 |              4 |
| ~ALU/ALU_i/mdm_1/U0/Use_E2.BSCAN_I/Ext_JTAG_UPDATE            |                                                                                                                                                                                                           | ALU/ALU_i/mdm_1/U0/Use_E2.BSCAN_I/AR[0]                                                                                                       |                1 |              4 |
|  ALU/ALU_i/clk_wiz_1/inst/clk_out1                            | ALU/ALU_i/mdm_1/U0/MDM_Core_I1/JTAG_CONTROL_I/Use_UART.RX_FIFO_I/data_Exists_I_reg_0                                                                                                                      | ALU/ALU_i/mdm_1/U0/MDM_Core_I1/Use_Uart.reset_RX_FIFO_reg_n_0                                                                                 |                1 |              4 |
|  ALU/ALU_i/clk_wiz_1/inst/clk_out1                            | ALU/ALU_i/mdm_1/U0/MDM_Core_I1/JTAG_CONTROL_I/Use_UART.TX_FIFO_I/data_Exists_I_reg_0                                                                                                                      | ALU/ALU_i/mdm_1/U0/MDM_Core_I1/Use_Uart.reset_TX_FIFO_reg_n_0                                                                                 |                1 |              4 |
|  ALU/ALU_i/mdm_1/U0/No_Dbg_Reg_Access.BUFG_DRCK/Ext_JTAG_DRCK | ALU/ALU_i/mdm_1/U0/MDM_Core_I1/p_5_out                                                                                                                                                                    | ALU/ALU_i/mdm_1/U0/Use_E2.BSCAN_I/AR[0]                                                                                                       |                1 |              4 |
|  ALU/ALU_i/clk_wiz_1/inst/clk_out1                            | ALU/ALU_i/axi_gpio_0/U0/AXI_LITE_IPIF_I/I_SLAVE_ATTACHMENT/start2                                                                                                                                         | ALU/ALU_i/axi_gpio_0/U0/AXI_LITE_IPIF_I/I_SLAVE_ATTACHMENT/I_DECODER/cs_ce_clr                                                                |                2 |              4 |
|  ALU/ALU_i/clk_wiz_1/inst/clk_out1                            | ALU/ALU_i/axi_uartlite_0/U0/UARTLITE_CORE_I/BAUD_RATE_I/p_2_out[0]                                                                                                                                        |                                                                                                                                               |                1 |              4 |
|  ALU/ALU_i/clk_wiz_1/inst/clk_out1                            | ALU/ALU_i/microblaze_0/U0/MicroBlaze_Core_I/Performance.Core/Decode_I/wb_Halted                                                                                                                           | ALU/ALU_i/microblaze_0/U0/MicroBlaze_Core_I/sync_reset                                                                                        |                2 |              5 |
|  ALU/ALU_i/clk_wiz_1/inst/clk_out1                            |                                                                                                                                                                                                           | ALU/ALU_i/rst_clk_wiz_1_100M/U0/EXT_LPF/lpf_int                                                                                               |                3 |              5 |
|  ALU/ALU_i/mdm_1/U0/No_Dbg_Reg_Access.BUFG_DRCK/Ext_JTAG_DRCK | ALU/ALU_i/mdm_1/U0/Use_E2.BSCAN_I/Use_BSCAN.command_reg[5][0]                                                                                                                                             |                                                                                                                                               |                3 |              6 |
|  ALU/ALU_i/mdm_1/U0/No_Dbg_Reg_Access.BUFG_DRCK/Ext_JTAG_DRCK | ALU/ALU_i/mdm_1/U0/Use_E2.BSCAN_I/Using_FPGA.Native[0]                                                                                                                                                    |                                                                                                                                               |                1 |              6 |
|  ALU/ALU_i/clk_wiz_1/inst/clk_out1                            |                                                                                                                                                                                                           | ALU/ALU_i/axi_uartlite_0/U0/UARTLITE_CORE_I/UARTLITE_TX_I/SRL_FIFO_I/I_SRL_FIFO_RBU_F/CNTR_INCR_DECR_ADDN_F_I/SS[0]                           |                2 |              6 |
|  ALU/ALU_i/mdm_1/U0/No_Dbg_Reg_Access.BUFG_DRCK/Ext_JTAG_DRCK | ALU/ALU_i/mdm_1/U0/MDM_Core_I1/JTAG_CONTROL_I/Use_BSCAN.FDC_I/Use_BSCAN.command_reg[6]_0[0]                                                                                                               |                                                                                                                                               |                1 |              6 |
|  ALU/ALU_i/clk_wiz_1/inst/clk_out1                            |                                                                                                                                                                                                           | ALU/ALU_i/axi_uartlite_0/U0/UARTLITE_CORE_I/UARTLITE_RX_I/SRL_FIFO_I/I_SRL_FIFO_RBU_F/CNTR_INCR_DECR_ADDN_F_I/SS[0]                           |                2 |              6 |
|  ALU/ALU_i/clk_wiz_1/inst/clk_out1                            | ALU/ALU_i/rst_clk_wiz_1_100M/U0/SEQ/seq_cnt_en                                                                                                                                                            | ALU/ALU_i/rst_clk_wiz_1_100M/U0/SEQ/SEQ_COUNTER/clear                                                                                         |                1 |              6 |
|  ALU/ALU_i/clk_wiz_1/inst/clk_out1                            | ALU/ALU_i/axi_uartlite_0/U0/UARTLITE_CORE_I/BAUD_RATE_I/p_2_out[0]                                                                                                                                        | ALU/ALU_i/axi_uartlite_0/U0/UARTLITE_CORE_I/UARTLITE_RX_I/SERIAL_TO_PARALLEL[8].fifo_din[8]_i_1_n_0                                           |                2 |              7 |
|  ALU/ALU_i/mdm_1/U0/No_Dbg_Reg_Access.BUFG_DRCK/Ext_JTAG_DRCK | ALU/ALU_i/mdm_1/U0/MDM_Core_I1/JTAG_CONTROL_I/tdi_shifter0                                                                                                                                                |                                                                                                                                               |                2 |              8 |
|  ALU/ALU_i/mdm_1/U0/No_Dbg_Reg_Access.BUFG_DRCK/Ext_JTAG_DRCK | ALU/ALU_i/microblaze_0/U0/MicroBlaze_Core_I/Performance.Core/Use_Debug_Logic.Master_Core.Debug_Perf/Using_PC_Breakpoints.All_PC_Brks[0].Serial_Interface_1.address_hit_I/Compare[0].SRLC16E_I/which_pc__0 |                                                                                                                                               |                7 |              8 |
|  ALU/ALU_i/clk_wiz_1/inst/clk_out1                            | ALU/ALU_i/mdm_1/U0/MDM_Core_I1/JTAG_CONTROL_I/Use_UART.RX_FIFO_I/Addr_Counters[2].FDRE_I/CI                                                                                                               |                                                                                                                                               |                2 |              8 |
| ~ALU/ALU_i/mdm_1/U0/Use_E2.BSCAN_I/Ext_JTAG_UPDATE            | ALU/ALU_i/mdm_1/U0/MDM_Core_I1/JTAG_CONTROL_I/Use_BSCAN.command[0]_i_1_n_0                                                                                                                                |                                                                                                                                               |                2 |              8 |
|  ALU/ALU_i/mdm_1/U0/Use_E2.BSCAN_I/Ext_JTAG_UPDATE            | ALU/ALU_i/mdm_1/U0/MDM_Core_I1/JTAG_CONTROL_I/Use_BSCAN.FDC_I/Use_BSCAN.PORT_Selector_reg[2][0]                                                                                                           |                                                                                                                                               |                2 |              8 |
|  ALU/ALU_i/clk_wiz_1/inst/clk_out1                            | ALU/ALU_i/mdm_1/U0/MDM_Core_I1/JTAG_CONTROL_I/Use_UART.TX_FIFO_I/Addr_Counters[2].FDRE_I/CI                                                                                                               |                                                                                                                                               |                2 |              8 |
|  ALU/ALU_i/clk_wiz_1/inst/clk_out1                            | ALU/ALU_i/mdm_1/U0/Use_AXI_IPIF.AXI_LITE_IPIF_I/I_SLAVE_ATTACHMENT/s_axi_rresp_i                                                                                                                          | ALU/ALU_i/mdm_1/U0/Use_AXI_IPIF.AXI_LITE_IPIF_I/I_SLAVE_ATTACHMENT/rst                                                                        |                2 |              8 |
|  ALU/ALU_i/mdm_1/U0/No_Dbg_Reg_Access.BUFG_DRCK/Ext_JTAG_DRCK | ALU/ALU_i/mdm_1/U0/MDM_Core_I1/JTAG_CONTROL_I/Use_BSCAN.SYNC_FDRE/E[0]                                                                                                                                    |                                                                                                                                               |                2 |              8 |
|  ALU/ALU_i/clk_wiz_1/inst/clk_out1                            | ALU/ALU_i/axi_uartlite_0/U0/AXI_LITE_IPIF_I/I_SLAVE_ATTACHMENT/I_DECODER/fifo_wr                                                                                                                          |                                                                                                                                               |                1 |              8 |
|  ALU/ALU_i/clk_wiz_1/inst/clk_out1                            | ALU/ALU_i/axi_uartlite_0/U0/AXI_LITE_IPIF_I/I_SLAVE_ATTACHMENT/s_axi_rresp_i                                                                                                                              | ALU/ALU_i/axi_uartlite_0/U0/AXI_LITE_IPIF_I/I_SLAVE_ATTACHMENT/rst                                                                            |                3 |              8 |
|  ALU/ALU_i/mdm_1/U0/No_Dbg_Reg_Access.BUFG_DRCK/Ext_JTAG_DRCK | ALU/ALU_i/mdm_1/U0/Use_E2.BSCAN_I/Use_E2.BSCANE2_I_0[0]                                                                                                                                                   |                                                                                                                                               |                3 |              8 |
|  ALU/ALU_i/clk_wiz_1/inst/clk_out1                            | ALU/ALU_i/axi_uartlite_0/U0/UARTLITE_CORE_I/UARTLITE_RX_I/SRL_FIFO_I/I_SRL_FIFO_RBU_F/DYNSHREG_F_I/fifo_wr                                                                                                |                                                                                                                                               |                1 |              8 |
|  ALU/ALU_i/clk_wiz_1/inst/clk_out1                            |                                                                                                                                                                                                           | ALU/ALU_i/mdm_1/U0/Use_AXI_IPIF.AXI_LITE_IPIF_I/I_SLAVE_ATTACHMENT/rst                                                                        |                4 |             10 |
|  ALU/ALU_i/clk_wiz_1/inst/clk_out1                            |                                                                                                                                                                                                           | ALU/ALU_i/axi_uartlite_0/U0/AXI_LITE_IPIF_I/I_SLAVE_ATTACHMENT/rst                                                                            |                4 |             10 |
|  TxC/Q_OUT__0                                                 |                                                                                                                                                                                                           | sw_IBUF[15]                                                                                                                                   |                8 |             10 |
|  ALU/ALU_i/mdm_1/U0/No_Dbg_Reg_Access.BUFG_DRCK/Ext_JTAG_DRCK | ALU/ALU_i/mdm_1/U0/MDM_Core_I1/JTAG_CONTROL_I/Use_BSCAN.FDC_I/E[0]                                                                                                                                        |                                                                                                                                               |                4 |             10 |
|  ALU/ALU_i/clk_wiz_1/inst/clk_out1                            |                                                                                                                                                                                                           | ALU/ALU_i/microblaze_0_axi_periph/xbar/inst/gen_sasd.crossbar_sasd_0/addr_arbiter_inst/SR[0]                                                  |                6 |             13 |
|  clk_100MHz_IBUF                                              |                                                                                                                                                                                                           |                                                                                                                                               |                4 |             13 |
|  ALU/ALU_i/clk_wiz_1/inst/clk_out1                            | ALU/ALU_i/microblaze_0_axi_periph/xbar/inst/gen_sasd.crossbar_sasd_0/reg_slice_r/aa_rready                                                                                                                |                                                                                                                                               |                7 |             15 |
|  ALU/ALU_i/clk_wiz_1/inst/clk_out1                            | ALU/ALU_i/microblaze_0/U0/MicroBlaze_Core_I/Performance.Core/Decode_I/PreFetch_Buffer_I1/OF_Valid_DFF/Using_FPGA.Native_1[0]                                                                              | ALU/ALU_i/microblaze_0/U0/MicroBlaze_Core_I/sync_reset                                                                                        |                8 |             16 |
|  ALU/ALU_i/clk_wiz_1/inst/clk_out1                            | ALU/ALU_i/microblaze_0/U0/MicroBlaze_Core_I/Performance.Core/Decode_I/mem_wait_on_ready_N_carry_or/MUXCY_I/lopt_1                                                                                         | ALU/ALU_i/microblaze_0/U0/MicroBlaze_Core_I/sync_reset                                                                                        |                7 |             20 |
|  SSEG/p_0_in                                                  |                                                                                                                                                                                                           |                                                                                                                                               |                7 |             21 |
|  ALU/ALU_i/clk_wiz_1/inst/clk_out1                            | ALU/ALU_i/axi_gpio_0/U0/AXI_LITE_IPIF_I/I_SLAVE_ATTACHMENT/I_DECODER/bus2ip_rnw_i_reg_1[0]                                                                                                                | ALU/ALU_i/axi_gpio_0/U0/AXI_LITE_IPIF_I/I_SLAVE_ATTACHMENT/SR[0]                                                                              |                5 |             22 |
|  ALU/ALU_i/clk_wiz_1/inst/clk_out1                            | ALU/ALU_i/axi_gpio_0/U0/AXI_LITE_IPIF_I/I_SLAVE_ATTACHMENT/s_axi_rresp_i                                                                                                                                  | ALU/ALU_i/axi_gpio_0/U0/AXI_LITE_IPIF_I/I_SLAVE_ATTACHMENT/SR[0]                                                                              |                4 |             23 |
|  ALU/ALU_i/clk_wiz_1/inst/clk_out1                            | ALU/ALU_i/microblaze_0_axi_periph/xbar/inst/gen_sasd.crossbar_sasd_0/addr_arbiter_inst/p_0_in1_in                                                                                                         | ALU/ALU_i/microblaze_0_axi_periph/xbar/inst/gen_sasd.crossbar_sasd_0/addr_arbiter_inst/SR[0]                                                  |                5 |             23 |
|  ALU/ALU_i/mdm_1/U0/No_Dbg_Reg_Access.BUFG_DRCK/Ext_JTAG_DRCK |                                                                                                                                                                                                           | ALU/ALU_i/mdm_1/U0/Use_E2.BSCAN_I/shift_n_reset1_out                                                                                          |                3 |             23 |
|  ALU/ALU_i/clk_wiz_1/inst/clk_out1                            | ALU/ALU_i/axi_uartlite_0/U0/UARTLITE_CORE_I/BAUD_RATE_I/p_2_out[0]                                                                                                                                        | ALU/ALU_i/axi_uartlite_0/U0/UARTLITE_CORE_I/UARTLITE_RX_I/s_axi_aresetn_0                                                                     |                8 |             28 |
|  ALU/ALU_i/clk_wiz_1/inst/clk_out1                            |                                                                                                                                                                                                           | ALU/ALU_i/axi_uartlite_0/U0/UARTLITE_CORE_I/UARTLITE_RX_I/s_axi_aresetn_0                                                                     |                8 |             30 |
|  ALU/ALU_i/clk_wiz_1/inst/clk_out1                            | ALU/ALU_i/microblaze_0/U0/MicroBlaze_Core_I/Performance.Core/Decode_I/Use_MuxCy[3].OF_Piperun_Stage/MUXCY_I/Using_FPGA.Native_0                                                                           | ALU/ALU_i/microblaze_0/U0/MicroBlaze_Core_I/Performance.Core/Decode_I/R                                                                       |               11 |             32 |
|  ALU/ALU_i/clk_wiz_1/inst/clk_out1                            | ALU/ALU_i/microblaze_0/U0/MicroBlaze_Core_I/Performance.Core/Decode_I/Use_MuxCy[3].OF_Piperun_Stage/MUXCY_I/wb_exception_kind_i_reg[28][0]                                                                | ALU/ALU_i/microblaze_0/U0/MicroBlaze_Core_I/sync_reset                                                                                        |                6 |             32 |
|  ALU/ALU_i/clk_wiz_1/inst/clk_out1                            | ALU/ALU_i/microblaze_0/U0/MicroBlaze_Core_I/Performance.Core/Decode_I/PreFetch_Buffer_I1/Gen_Mux_Select_LUT6[2].Gen_Sel_DFF/if_fetch_in_progress_reg[0]                                                   | ALU/ALU_i/microblaze_0/U0/MicroBlaze_Core_I/sync_reset                                                                                        |                7 |             32 |
|  ALU/ALU_i/clk_wiz_1/inst/clk_out1                            | ALU/ALU_i/axi_gpio_0/U0/AXI_LITE_IPIF_I/I_SLAVE_ATTACHMENT/I_DECODER/E[0]                                                                                                                                 | ALU/ALU_i/axi_gpio_0/U0/AXI_LITE_IPIF_I/I_SLAVE_ATTACHMENT/SR[0]                                                                              |               10 |             32 |
|  ALU/ALU_i/clk_wiz_1/inst/clk_out1                            |                                                                                                                                                                                                           | ALU/ALU_i/microblaze_0/U0/MicroBlaze_Core_I/Performance.Core/p_1_out                                                                          |               17 |             32 |
|  ALU/ALU_i/mdm_1/U0/No_Dbg_Reg_Access.BUFG_DRCK/Ext_JTAG_DRCK | ALU/ALU_i/microblaze_0/U0/MicroBlaze_Core_I/Performance.Core/Use_Debug_Logic.Master_Core.Debug_Perf/New_Dbg_Instr_TCK                                                                                     |                                                                                                                                               |                7 |             32 |
|  ALU/ALU_i/clk_wiz_1/inst/clk_out1                            | ALU/ALU_i/microblaze_0/U0/MicroBlaze_Core_I/Performance.Core/Use_Debug_Logic.Master_Core.Debug_Perf/data_rd_reg[0]_i_1_n_0                                                                                | ALU/ALU_i/microblaze_0/U0/MicroBlaze_Core_I/sync_reset                                                                                        |               10 |             32 |
|  ALU/ALU_i/clk_wiz_1/inst/clk_out1                            | ALU/ALU_i/microblaze_0/U0/MicroBlaze_Core_I/Performance.Core/Decode_I/mem_wait_on_ready_N_carry_or/MUXCY_I/lopt_1                                                                                         |                                                                                                                                               |                5 |             32 |
|  ALU/ALU_i/clk_wiz_1/inst/clk_out1                            | ALU/ALU_i/microblaze_0/U0/MicroBlaze_Core_I/Performance.Core/Decode_I/mem_wait_on_ready_N_carry_or/MUXCY_I/lopt_1                                                                                         | ALU/ALU_i/microblaze_0/U0/MicroBlaze_Core_I/Performance.Core/Decode_I/SR[0]                                                                   |               10 |             32 |
|  ALU/ALU_i/clk_wiz_1/inst/clk_out1                            | ALU/ALU_i/microblaze_0_axi_periph/xbar/inst/gen_sasd.crossbar_sasd_0/addr_arbiter_inst/s_axi_rvalid[0]                                                                                                    | ALU/ALU_i/microblaze_0/U0/MicroBlaze_Core_I/sync_reset                                                                                        |                8 |             32 |
|  ALU/ALU_i/clk_wiz_1/inst/clk_out1                            | ALU/ALU_i/microblaze_0_axi_periph/xbar/inst/gen_sasd.crossbar_sasd_0/addr_arbiter_inst/E[0]                                                                                                               |                                                                                                                                               |                8 |             33 |
|  ALU/ALU_i/clk_wiz_1/inst/clk_out1                            |                                                                                                                                                                                                           | ALU/ALU_i/axi_gpio_0/U0/AXI_LITE_IPIF_I/I_SLAVE_ATTACHMENT/I_DECODER/bus2ip_rnw_i_reg_2                                                       |                8 |             38 |
|  ALU/ALU_i/clk_wiz_1/inst/clk_out1                            |                                                                                                                                                                                                           | ALU/ALU_i/axi_gpio_0/U0/AXI_LITE_IPIF_I/I_SLAVE_ATTACHMENT/SR[0]                                                                              |               11 |             38 |
|  ALU/ALU_i/mdm_1/U0/No_Dbg_Reg_Access.BUFG_DRCK/Ext_JTAG_DRCK | ALU/ALU_i/mdm_1/U0/Use_E2.BSCAN_I/Use_BSCAN.PORT_Selector_reg[0]                                                                                                                                          |                                                                                                                                               |               14 |             47 |
|  ALU/ALU_i/clk_wiz_1/inst/clk_out1                            | ALU/ALU_i/microblaze_0/U0/MicroBlaze_Core_I/Performance.Core/Decode_I/Use_MuxCy[3].OF_Piperun_Stage/MUXCY_I/Using_FPGA.Native_0                                                                           | ALU/ALU_i/microblaze_0/U0/MicroBlaze_Core_I/sync_reset                                                                                        |               27 |             69 |
|  ALU/ALU_i/clk_wiz_1/inst/clk_out1                            | ALU/ALU_i/microblaze_0/U0/MicroBlaze_Core_I/Performance.Core/Decode_I/PreFetch_Buffer_I1/Instruction_Prefetch_Mux[42].Instr_Mux_MUXF7/IReady_0                                                            |                                                                                                                                               |               11 |             75 |
|  ALU/ALU_i/mdm_1/U0/No_Dbg_Reg_Access.BUFG_DRCK/Ext_JTAG_DRCK |                                                                                                                                                                                                           |                                                                                                                                               |               26 |             80 |
|  ALU/ALU_i/clk_wiz_1/inst/clk_out1                            | ALU/ALU_i/microblaze_0/U0/MicroBlaze_Core_I/Performance.Core/Decode_I/Performance_Debug_Control.dbg_state_nohalt_reg[34]                                                                                  |                                                                                                                                               |               16 |            128 |
|  ALU/ALU_i/clk_wiz_1/inst/clk_out1                            |                                                                                                                                                                                                           | ALU/ALU_i/microblaze_0/U0/MicroBlaze_Core_I/sync_reset                                                                                        |               68 |            149 |
|  ALU/ALU_i/clk_wiz_1/inst/clk_out1                            | ALU/ALU_i/microblaze_0/U0/MicroBlaze_Core_I/Performance.Core/Decode_I/Use_MuxCy[11].OF_Piperun_Stage/MUXCY_I/of_pause_reg                                                                                 | ALU/ALU_i/microblaze_0/U0/MicroBlaze_Core_I/sync_reset                                                                                        |               84 |            218 |
|  ALU/ALU_i/clk_wiz_1/inst/clk_out1                            |                                                                                                                                                                                                           |                                                                                                                                               |               94 |            255 |
+---------------------------------------------------------------+-----------------------------------------------------------------------------------------------------------------------------------------------------------------------------------------------------------+-----------------------------------------------------------------------------------------------------------------------------------------------+------------------+----------------+


