#-----------------------------------------------------------
# Vivado v2019.1 (64-bit)
# SW Build 2552052 on Fri May 24 14:49:42 MDT 2019
# IP Build 2548770 on Fri May 24 18:01:18 MDT 2019
# Start of session at: Fri Dec  6 20:37:01 2019
# Process ID: 3384
# Current directory: C:/Users/Jacob/source/repos/ECE-510-Final-Hardware-Project/ECE510_Hardware_Project
# Command line: vivado.exe -gui_launcher_event rodinguilauncherevent11664 C:\Users\Jacob\source\repos\ECE-510-Final-Hardware-Project\ECE510_Hardware_Project\ECE510_Hardware_Project.xpr
# Log file: C:/Users/Jacob/source/repos/ECE-510-Final-Hardware-Project/ECE510_Hardware_Project/vivado.log
# Journal file: C:/Users/Jacob/source/repos/ECE-510-Final-Hardware-Project/ECE510_Hardware_Project\vivado.jou
#-----------------------------------------------------------
start_gui
open_project C:/Users/Jacob/source/repos/ECE-510-Final-Hardware-Project/ECE510_Hardware_Project/ECE510_Hardware_Project.xpr
INFO: [ProjectBase 1-489] The host OS only allows 260 characters in a normal path. The project is stored in a path with more than 80 characters. If you experience issues with IP, Block Designs, or files not being found, please consider moving the project to a location with a shorter path. Alternately consider using the OS subst command to map part of the path to a drive letter.
Current project path is 'C:/Users/Jacob/source/repos/ECE-510-Final-Hardware-Project/ECE510_Hardware_Project'
Scanning sources...
Finished scanning sources
WARNING: [filemgmt 56-3] IPUserFilesDir: Could not find the directory 'C:/Users/Jacob/source/repos/ECE-510-Final-Hardware-Project/ECE510_Hardware_Project/ECE510_Hardware_Project.ip_user_files'.
INFO: [IP_Flow 19-234] Refreshing IP repositories
INFO: [IP_Flow 19-1704] No user IP repositories specified
INFO: [IP_Flow 19-2313] Loaded Vivado IP repository 'C:/Xilinx/Vivado/2019.1/data/ip'.
open_project: Time (s): cpu = 00:00:22 ; elapsed = 00:00:10 . Memory (MB): peak = 673.797 ; gain = 69.711
file mkdir C:/Users/Jacob/source/repos/ECE-510-Final-Hardware-Project/ECE510_Hardware_Project/ECE510_Hardware_Project.srcs/sources_1/new
close [ open C:/Users/Jacob/source/repos/ECE-510-Final-Hardware-Project/ECE510_Hardware_Project/ECE510_Hardware_Project.srcs/sources_1/new/Demux.vhd w ]
add_files C:/Users/Jacob/source/repos/ECE-510-Final-Hardware-Project/ECE510_Hardware_Project/ECE510_Hardware_Project.srcs/sources_1/new/Demux.vhd
update_compile_order -fileset sources_1
update_compile_order -fileset sources_1
update_compile_order -fileset sources_1
update_compile_order -fileset sources_1
update_compile_order -fileset sources_1
close [ open C:/Users/Jacob/source/repos/ECE-510-Final-Hardware-Project/ECE510_Hardware_Project/ECE510_Hardware_Project.srcs/sources_1/new/TENxCOUNTER.vhd w ]
add_files C:/Users/Jacob/source/repos/ECE-510-Final-Hardware-Project/ECE510_Hardware_Project/ECE510_Hardware_Project.srcs/sources_1/new/TENxCOUNTER.vhd
update_compile_order -fileset sources_1
exit
INFO: [Common 17-206] Exiting Vivado at Fri Dec  6 21:16:47 2019...
