#-----------------------------------------------------------
# Webtalk v2019.1 (64-bit)
# SW Build 2552052 on Fri May 24 14:49:42 MDT 2019
# 
# Start of session at: Sun Dec  8 19:38:10 2019
# Process ID: 12604
# Current directory: C:/Users/Jacob/source/repos/ECE-510-Final-Hardware-Project/ECE510_Hardware_Project/ECE510_Hardware_Project.sdk/webtalk
# Command line: wbtcv.exe -mode batch -source sdk_webtalk.tcl
# Log file: C:/Users/Jacob/source/repos/ECE-510-Final-Hardware-Project/ECE510_Hardware_Project/ECE510_Hardware_Project.sdk/webtalk/webtalk.log
# Journal file: C:/Users/Jacob/source/repos/ECE-510-Final-Hardware-Project/ECE510_Hardware_Project/ECE510_Hardware_Project.sdk/webtalk\webtalk.jou
#-----------------------------------------------------------
source sdk_webtalk.tcl
# webtalk_init -webtalk_dir C:\\Users\\Jacob\\source\\repos\\ECE-510-Final-Hardware-Project\\ECE510_Hardware_Project\\ECE510_Hardware_Project.sdk\\webtalk
# webtalk_register_client -client project
# webtalk_add_data -client project -key date_generated -value "2019-12-08 19:38:08" -context "software_version_and_target_device"
# webtalk_add_data -client project -key product_version -value "SDK v2019.1" -context "software_version_and_target_device"
# webtalk_add_data -client project -key build_version -value "2019.1" -context "software_version_and_target_device"
# webtalk_add_data -client project -key os_platform -value "amd64" -context "software_version_and_target_device"
# webtalk_add_data -client project -key registration_id -value "" -context "software_version_and_target_device"
# webtalk_add_data -client project -key tool_flow -value "SDK" -context "software_version_and_target_device"
# webtalk_add_data -client project -key beta -value "false" -context "software_version_and_target_device"
# webtalk_add_data -client project -key route_design -value "NA" -context "software_version_and_target_device"
# webtalk_add_data -client project -key target_family -value "NA" -context "software_version_and_target_device"
# webtalk_add_data -client project -key target_device -value "NA" -context "software_version_and_target_device"
# webtalk_add_data -client project -key target_package -value "NA" -context "software_version_and_target_device"
# webtalk_add_data -client project -key target_speed -value "NA" -context "software_version_and_target_device"
# webtalk_add_data -client project -key random_id -value "uhk1r8uh3g2970o7rm4o3ed4ap" -context "software_version_and_target_device"
# webtalk_add_data -client project -key project_id -value "2019.1_3" -context "software_version_and_target_device"
# webtalk_add_data -client project -key project_iteration -value "3" -context "software_version_and_target_device"
# webtalk_add_data -client project -key os_name -value "Microsoft Windows 8 or later , 64-bit" -context "user_environment"
# webtalk_add_data -client project -key os_release -value "major release  (build 9200)" -context "user_environment"
# webtalk_add_data -client project -key cpu_name -value "Intel(R) Core(TM) i5-8600K CPU @ 3.60GHz" -context "user_environment"
# webtalk_add_data -client project -key cpu_speed -value "3600 MHz" -context "user_environment"
# webtalk_add_data -client project -key total_processors -value "1" -context "user_environment"
# webtalk_add_data -client project -key system_ram -value "17.104 GB" -context "user_environment"
# webtalk_register_client -client sdk
# webtalk_add_data -client sdk -key uid -value "1575845440822" -context "sdk\\\\hardware/1575845440822"
# webtalk_add_data -client sdk -key isZynq -value "false" -context "sdk\\\\hardware/1575845440822"
# webtalk_add_data -client sdk -key isZynqMP -value "false" -context "sdk\\\\hardware/1575845440822"
# webtalk_add_data -client sdk -key Processors -value "1" -context "sdk\\\\hardware/1575845440822"
# webtalk_add_data -client sdk -key VivadoVersion -value "2019.1" -context "sdk\\\\hardware/1575845440822"
# webtalk_add_data -client sdk -key Arch -value "artix7" -context "sdk\\\\hardware/1575845440822"
# webtalk_add_data -client sdk -key Device -value "7a35t" -context "sdk\\\\hardware/1575845440822"
# webtalk_add_data -client sdk -key IsHandoff -value "true" -context "sdk\\\\hardware/1575845440822"
# webtalk_add_data -client sdk -key os -value "NA" -context "sdk\\\\hardware/1575845440822"
# webtalk_add_data -client sdk -key apptemplate -value "NA" -context "sdk\\\\hardware/1575845440822"
# webtalk_add_data -client sdk -key RecordType -value "HWCreation" -context "sdk\\\\hardware/1575845440822"
# webtalk_add_data -client sdk -key uid -value "NA" -context "sdk\\\\bsp/1575851888519"
# webtalk_add_data -client sdk -key RecordType -value "ToolUsage" -context "sdk\\\\bsp/1575851888519"
# webtalk_add_data -client sdk -key BootgenCount -value "0" -context "sdk\\\\bsp/1575851888519"
# webtalk_add_data -client sdk -key DebugCount -value "12" -context "sdk\\\\bsp/1575851888519"
# webtalk_add_data -client sdk -key PerfCount -value "0" -context "sdk\\\\bsp/1575851888519"
# webtalk_add_data -client sdk -key FlashCount -value "0" -context "sdk\\\\bsp/1575851888519"
# webtalk_add_data -client sdk -key CrossTriggCount -value "0" -context "sdk\\\\bsp/1575851888519"
# webtalk_add_data -client sdk -key QemuDebugCount -value "0" -context "sdk\\\\bsp/1575851888519"
# webtalk_transmit -clientid 3057047564 -regid "" -xml C:\\Users\\Jacob\\source\\repos\\ECE-510-Final-Hardware-Project\\ECE510_Hardware_Project\\ECE510_Hardware_Project.sdk\\webtalk\\usage_statistics_ext_sdk.xml -html C:\\Users\\Jacob\\source\\repos\\ECE-510-Final-Hardware-Project\\ECE510_Hardware_Project\\ECE510_Hardware_Project.sdk\\webtalk\\usage_statistics_ext_sdk.html -wdm C:\\Users\\Jacob\\source\\repos\\ECE-510-Final-Hardware-Project\\ECE510_Hardware_Project\\ECE510_Hardware_Project.sdk\\webtalk\\sdk_webtalk.wdm -intro "<H3>SDK Usage Report</H3><BR>"
INFO: [Common 17-186] 'C:\Users\Jacob\source\repos\ECE-510-Final-Hardware-Project\ECE510_Hardware_Project\ECE510_Hardware_Project.sdk\webtalk\usage_statistics_ext_sdk.xml' has been successfully sent to Xilinx on Sun Dec  8 19:38:13 2019. For additional details about this file, please refer to the WebTalk help file at D:/Xilinx/SDK/2019.1/doc/webtalk_introduction.html.
# webtalk_terminate
INFO: [Common 17-206] Exiting Webtalk at Sun Dec  8 19:38:13 2019...
